#
# There is insufficient memory for the Java Runtime Environment to continue.
# Native memory allocation (malloc) failed to allocate 790736 bytes for Chunk::new
# Possible reasons:
#   The system is out of physical RAM or swap space
#   In 32 bit mode, the process size limit was hit
# Possible solutions:
#   Reduce memory load on the system
#   Increase physical memory or swap space
#   Check if swap backing store is full
#   Use 64 bit Java on a 64 bit OS
#   Decrease Java heap size (-Xmx/-Xms)
#   Decrease number of Java threads
#   Decrease Java thread stack sizes (-Xss)
#   Set larger code cache with -XX:ReservedCodeCacheSize=
# This output file may be truncated or incomplete.
#
#  Out of Memory Error (allocation.cpp:390), pid=11120, tid=0x0000000000000fa4
#
# JRE version: Java(TM) SE Runtime Environment (8.0_144-b01) (build 1.8.0_144-b01)
# Java VM: Java HotSpot(TM) 64-Bit Server VM (25.144-b01 mixed mode windows-amd64 compressed oops)
# Failed to write core dump. Minidumps are not enabled by default on client versions of Windows
#

---------------  T H R E A D  ---------------

Current thread (0x0000000057773000):  JavaThread "C2 CompilerThread1" daemon [_thread_in_native, id=4004, stack(0x0000000057c60000,0x0000000057d60000)]

Stack: [0x0000000057c60000,0x0000000057d60000]
[error occurred during error reporting (printing stack bounds), id 0xc0000005]

Native frames: (J=compiled Java code, j=interpreted, Vv=VM code, C=native code)


Current CompileTask:
C2:1410109 3875       4       com.sun.speech.freetts.PhoneSetImpl::<init> (85 bytes)


---------------  P R O C E S S  ---------------

Java Threads: ( => current thread )
  0x000000005a360800 JavaThread "Thread-229" daemon [_thread_blocked, id=10852, stack(0x000000005bae0000,0x000000005bbe0000)]
  0x000000005a79c800 JavaThread "Thread-119" [_thread_blocked, id=10756, stack(0x000000005b370000,0x000000005b470000)]
  0x000000005a781800 JavaThread "Java Sound Event Dispatcher" daemon [_thread_blocked, id=10916, stack(0x000000005ccc0000,0x000000005cdc0000)]
  0x00000000579c5800 JavaThread "TimerQueue" daemon [_thread_blocked, id=9716, stack(0x000000005bc60000,0x000000005bd60000)]
  0x0000000057954000 JavaThread "Swing-Shell" daemon [_thread_blocked, id=10860, stack(0x000000005b700000,0x000000005b800000)]
  0x0000000001c2e800 JavaThread "DestroyJavaVM" [_thread_blocked, id=11200, stack(0x0000000001fc0000,0x00000000020c0000)]
  0x0000000058327000 JavaThread "AWT-EventQueue-0" [_thread_blocked, id=9768, stack(0x0000000059250000,0x0000000059350000)]
  0x0000000057b69000 JavaThread "AWT-Windows" daemon [_thread_in_native, id=11244, stack(0x0000000058bb0000,0x0000000058cb0000)]
  0x00000000582b7000 JavaThread "AWT-Shutdown" [_thread_blocked, id=8496, stack(0x0000000058aa0000,0x0000000058ba0000)]
  0x00000000582b6800 JavaThread "Java2D Disposer" daemon [_thread_blocked, id=10828, stack(0x0000000058080000,0x0000000058180000)]
  0x00000000577ea800 JavaThread "Service Thread" daemon [_thread_blocked, id=10940, stack(0x0000000057f40000,0x0000000058040000)]
  0x000000005777c000 JavaThread "C1 CompilerThread2" daemon [_thread_blocked, id=10924, stack(0x0000000057d90000,0x0000000057e90000)]
=>0x0000000057773000 JavaThread "C2 CompilerThread1" daemon [_thread_in_native, id=4004, stack(0x0000000057c60000,0x0000000057d60000)]
  0x0000000055dd5000 JavaThread "C2 CompilerThread0" daemon [_thread_blocked, id=10488, stack(0x0000000057670000,0x0000000057770000)]
  0x0000000055dd2800 JavaThread "Attach Listener" daemon [_thread_blocked, id=10908, stack(0x0000000057410000,0x0000000057510000)]
  0x0000000055dcf800 JavaThread "Signal Dispatcher" daemon [_thread_blocked, id=11080, stack(0x0000000057230000,0x0000000057330000)]
  0x0000000055db9800 JavaThread "Finalizer" daemon [_thread_blocked, id=1840, stack(0x0000000057050000,0x0000000057150000)]
  0x0000000055d72800 JavaThread "Reference Handler" daemon [_thread_blocked, id=10544, stack(0x0000000056ee0000,0x0000000056fe0000)]

Other Threads:
  0x0000000055d6b000 VMThread [stack: 0x0000000056d90000,0x0000000056e90000] [id=10236]
  0x0000000057819000 WatcherThread [stack: 0x00000000581a0000,0x00000000582a0000] [id=11232]

VM state:not at safepoint (normal execution)

VM Mutex/Monitor currently owned by a thread: None

Heap:
 PSYoungGen      total 89600K, used 76631K [0x00000000e1100000, 0x00000000e8280000, 0x0000000100000000)
  eden space 74240K, 82% used [0x00000000e1100000,0x00000000e4d259e8,0x00000000e5980000)
  from space 15360K, 97% used [0x00000000e5b00000,0x00000000e69b0420,0x00000000e6a00000)
  to   space 20992K, 0% used [0x00000000e6e00000,0x00000000e6e00000,0x00000000e8280000)
 ParOldGen       total 175104K, used 66843K [0x00000000a3200000, 0x00000000add00000, 0x00000000e1100000)
  object space 175104K, 38% used [0x00000000a3200000,0x00000000a7346c38,0x00000000add00000)
 Metaspace       used 23668K, capacity 23942K, committed 24320K, reserved 1071104K
  class space    used 2958K, capacity 3055K, committed 3072K, reserved 1048576K

Card table byte_map: [0x0000000011750000,0x0000000011a40000] byte_map_base: 0x0000000011237000

Marking Bits: (ParMarkBitMap*) 0x000000006beed850
 Begin Bits: [0x0000000012280000, 0x00000000139b8000)
 End Bits:   [0x00000000139b8000, 0x00000000150f0000)

Polling page: 0x0000000000190000

CodeCache: size=245760Kb used=10732Kb max_used=10760Kb free=235027Kb
 bounds [0x0000000002390000, 0x0000000002e50000, 0x0000000011390000]
 total_blobs=3900 nmethods=3312 adapters=500
 compilation: enabled

Compilation events (10 events):
Event: 1384.762 Thread 0x0000000057773000 nmethod 3870 0x0000000002602ad0 code [0x0000000002602c20, 0x0000000002602e58]
Event: 1389.553 Thread 0x0000000057773000 3871       4       com.sun.speech.freetts.lexicon.LexiconImpl::loadBinaryLexicon (251 bytes)
Event: 1389.635 Thread 0x0000000057773000 nmethod 3871 0x000000000280a490 code [0x000000000280a740, 0x000000000280d1c0]
Event: 1406.046 Thread 0x000000005777c000 3873       3       com.sun.speech.freetts.en.us.FeatureProcessors$SegCodaFric::process (7 bytes)
Event: 1406.046 Thread 0x0000000055dd5000 3872       4       com.sun.speech.freetts.en.us.FeatureProcessors$Accented::process (13 bytes)
Event: 1406.047 Thread 0x000000005777c000 nmethod 3873 0x0000000002abf8d0 code [0x0000000002abfa40, 0x0000000002abfc28]
Event: 1406.047 Thread 0x0000000055dd5000 nmethod 3872 0x00000000026c3910 code [0x00000000026c3a60, 0x00000000026c3ae8]
Event: 1406.047 Thread 0x000000005777c000 3874       3       com.sun.speech.freetts.en.us.FeatureProcessors::access$900 (6 bytes)
Event: 1406.048 Thread 0x000000005777c000 nmethod 3874 0x0000000002940050 code [0x00000000029401c0, 0x0000000002940328]
Event: 1409.415 Thread 0x0000000057773000 3875       4       com.sun.speech.freetts.PhoneSetImpl::<init> (85 bytes)

GC Heap History (10 events):
Event: 1202.775 GC heap before
{Heap before GC invocations=32 (full 3):
 PSYoungGen      total 103936K, used 99933K [0x00000000e1100000, 0x00000000e8e80000, 0x0000000100000000)
  eden space 83456K, 100% used [0x00000000e1100000,0x00000000e6280000,0x00000000e6280000)
  from space 20480K, 80% used [0x00000000e7a80000,0x00000000e8a97668,0x00000000e8e80000)
  to   space 22528K, 0% used [0x00000000e6280000,0x00000000e6280000,0x00000000e7880000)
 ParOldGen       total 175104K, used 66779K [0x00000000a3200000, 0x00000000add00000, 0x00000000e1100000)
  object space 175104K, 38% used [0x00000000a3200000,0x00000000a7336c38,0x00000000add00000)
 Metaspace       used 23609K, capacity 23878K, committed 24064K, reserved 1071104K
  class space    used 2958K, capacity 3055K, committed 3072K, reserved 1048576K
Event: 1202.791 GC heap after
Heap after GC invocations=32 (full 3):
 PSYoungGen      total 98304K, used 16669K [0x00000000e1100000, 0x00000000e8d80000, 0x0000000100000000)
  eden space 81408K, 0% used [0x00000000e1100000,0x00000000e1100000,0x00000000e6080000)
  from space 16896K, 98% used [0x00000000e6280000,0x00000000e72c76a0,0x00000000e7300000)
  to   space 23040K, 0% used [0x00000000e7700000,0x00000000e7700000,0x00000000e8d80000)
 ParOldGen       total 175104K, used 66795K [0x00000000a3200000, 0x00000000add00000, 0x00000000e1100000)
  object space 175104K, 38% used [0x00000000a3200000,0x00000000a733ac38,0x00000000add00000)
 Metaspace       used 23609K, capacity 23878K, committed 24064K, reserved 1071104K
  class space    used 2958K, capacity 3055K, committed 3072K, reserved 1048576K
}
Event: 1271.496 GC heap before
{Heap before GC invocations=33 (full 3):
 PSYoungGen      total 98304K, used 98077K [0x00000000e1100000, 0x00000000e8d80000, 0x0000000100000000)
  eden space 81408K, 100% used [0x00000000e1100000,0x00000000e6080000,0x00000000e6080000)
  from space 16896K, 98% used [0x00000000e6280000,0x00000000e72c76a0,0x00000000e7300000)
  to   space 23040K, 0% used [0x00000000e7700000,0x00000000e7700000,0x00000000e8d80000)
 ParOldGen       total 175104K, used 66795K [0x00000000a3200000, 0x00000000add00000, 0x00000000e1100000)
  object space 175104K, 38% used [0x00000000a3200000,0x00000000a733ac38,0x00000000add00000)
 Metaspace       used 23614K, capacity 23878K, committed 24064K, reserved 1071104K
  class space    used 2958K, capacity 3055K, committed 3072K, reserved 1048576K
Event: 1271.509 GC heap after
Heap after GC invocations=33 (full 3):
 PSYoungGen      total 98304K, used 13293K [0x00000000e1100000, 0x00000000e8980000, 0x0000000100000000)
  eden space 79360K, 0% used [0x00000000e1100000,0x00000000e1100000,0x00000000e5e80000)
  from space 18944K, 70% used [0x00000000e7700000,0x00000000e83fb658,0x00000000e8980000)
  to   space 22016K, 0% used [0x00000000e5e80000,0x00000000e5e80000,0x00000000e7400000)
 ParOldGen       total 175104K, used 66811K [0x00000000a3200000, 0x00000000add00000, 0x00000000e1100000)
  object space 175104K, 38% used [0x00000000a3200000,0x00000000a733ec38,0x00000000add00000)
 Metaspace       used 23614K, capacity 23878K, committed 24064K, reserved 1071104K
  class space    used 2958K, capacity 3055K, committed 3072K, reserved 1048576K
}
Event: 1301.564 GC heap before
{Heap before GC invocations=34 (full 3):
 PSYoungGen      total 98304K, used 92653K [0x00000000e1100000, 0x00000000e8980000, 0x0000000100000000)
  eden space 79360K, 100% used [0x00000000e1100000,0x00000000e5e80000,0x00000000e5e80000)
  from space 18944K, 70% used [0x00000000e7700000,0x00000000e83fb658,0x00000000e8980000)
  to   space 22016K, 0% used [0x00000000e5e80000,0x00000000e5e80000,0x00000000e7400000)
 ParOldGen       total 175104K, used 66811K [0x00000000a3200000, 0x00000000add00000, 0x00000000e1100000)
  object space 175104K, 38% used [0x00000000a3200000,0x00000000a733ec38,0x00000000add00000)
 Metaspace       used 23628K, capacity 23942K, committed 24320K, reserved 1071104K
  class space    used 2958K, capacity 3055K, committed 3072K, reserved 1048576K
Event: 1301.576 GC heap after
Heap after GC invocations=34 (full 3):
 PSYoungGen      total 88576K, used 11229K [0x00000000e1100000, 0x00000000e8780000, 0x0000000100000000)
  eden space 77312K, 0% used [0x00000000e1100000,0x00000000e1100000,0x00000000e5c80000)
  from space 11264K, 99% used [0x00000000e5e80000,0x00000000e6977668,0x00000000e6980000)
  to   space 22016K, 0% used [0x00000000e7200000,0x00000000e7200000,0x00000000e8780000)
 ParOldGen       total 175104K, used 66819K [0x00000000a3200000, 0x00000000add00000, 0x00000000e1100000)
  object space 175104K, 38% used [0x00000000a3200000,0x00000000a7340c38,0x00000000add00000)
 Metaspace       used 23628K, capacity 23942K, committed 24320K, reserved 1071104K
  class space    used 2958K, capacity 3055K, committed 3072K, reserved 1048576K
}
Event: 1344.449 GC heap before
{Heap before GC invocations=35 (full 3):
 PSYoungGen      total 88576K, used 88541K [0x00000000e1100000, 0x00000000e8780000, 0x0000000100000000)
  eden space 77312K, 100% used [0x00000000e1100000,0x00000000e5c80000,0x00000000e5c80000)
  from space 11264K, 99% used [0x00000000e5e80000,0x00000000e6977668,0x00000000e6980000)
  to   space 22016K, 0% used [0x00000000e7200000,0x00000000e7200000,0x00000000e8780000)
 ParOldGen       total 175104K, used 66819K [0x00000000a3200000, 0x00000000add00000, 0x00000000e1100000)
  object space 175104K, 38% used [0x00000000a3200000,0x00000000a7340c38,0x00000000add00000)
 Metaspace       used 23661K, capacity 23942K, committed 24320K, reserved 1071104K
  class space    used 2958K, capacity 3055K, committed 3072K, reserved 1048576K
Event: 1344.461 GC heap after
Heap after GC invocations=35 (full 3):
 PSYoungGen      total 94208K, used 13309K [0x00000000e1100000, 0x00000000e8400000, 0x0000000100000000)
  eden space 75776K, 0% used [0x00000000e1100000,0x00000000e1100000,0x00000000e5b00000)
  from space 18432K, 72% used [0x00000000e7200000,0x00000000e7eff668,0x00000000e8400000)
  to   space 20992K, 0% used [0x00000000e5b00000,0x00000000e5b00000,0x00000000e6f80000)
 ParOldGen       total 175104K, used 66835K [0x00000000a3200000, 0x00000000add00000, 0x00000000e1100000)
  object space 175104K, 38% used [0x00000000a3200000,0x00000000a7344c38,0x00000000add00000)
 Metaspace       used 23661K, capacity 23942K, committed 24320K, reserved 1071104K
  class space    used 2958K, capacity 3055K, committed 3072K, reserved 1048576K
}
Event: 1381.485 GC heap before
{Heap before GC invocations=36 (full 3):
 PSYoungGen      total 94208K, used 89085K [0x00000000e1100000, 0x00000000e8400000, 0x0000000100000000)
  eden space 75776K, 100% used [0x00000000e1100000,0x00000000e5b00000,0x00000000e5b00000)
  from space 18432K, 72% used [0x00000000e7200000,0x00000000e7eff668,0x00000000e8400000)
  to   space 20992K, 0% used [0x00000000e5b00000,0x00000000e5b00000,0x00000000e6f80000)
 ParOldGen       total 175104K, used 66835K [0x00000000a3200000, 0x00000000add00000, 0x00000000e1100000)
  object space 175104K, 38% used [0x00000000a3200000,0x00000000a7344c38,0x00000000add00000)
 Metaspace       used 23667K, capacity 23942K, committed 24320K, reserved 1071104K
  class space    used 2958K, capacity 3055K, committed 3072K, reserved 1048576K
Event: 1381.497 GC heap after
Heap after GC invocations=36 (full 3):
 PSYoungGen      total 89600K, used 15041K [0x00000000e1100000, 0x00000000e8280000, 0x0000000100000000)
  eden space 74240K, 0% used [0x00000000e1100000,0x00000000e1100000,0x00000000e5980000)
  from space 15360K, 97% used [0x00000000e5b00000,0x00000000e69b0420,0x00000000e6a00000)
  to   space 20992K, 0% used [0x00000000e6e00000,0x00000000e6e00000,0x00000000e8280000)
 ParOldGen       total 175104K, used 66843K [0x00000000a3200000, 0x00000000add00000, 0x00000000e1100000)
  object space 175104K, 38% used [0x00000000a3200000,0x00000000a7346c38,0x00000000add00000)
 Metaspace       used 23667K, capacity 23942K, committed 24320K, reserved 1071104K
  class space    used 2958K, capacity 3055K, committed 3072K, reserved 1048576K
}

Deoptimization events (10 events):
Event: 255.351 Thread 0x000000005a86d800 Uncommon trap: reason=unstable_if action=reinterpret pc=0x0000000002a5101c method=java.lang.String.trim()Ljava/lang/String; @ 44
Event: 973.818 Thread 0x0000000058327000 Uncommon trap: reason=null_check action=make_not_entrant pc=0x0000000002bfefa0 method=sun.java2d.SurfaceData.getSourceSurfaceData(Ljava/awt/Image;ILsun/java2d/loops/CompositeType;Ljava/awt/Color;)Lsun/java2d/SurfaceData; @ 38
Event: 994.185 Thread 0x0000000058327000 Uncommon trap: reason=unstable_if action=reinterpret pc=0x0000000002535814 method=java.util.regex.Matcher.match(II)Z @ 30
Event: 994.185 Thread 0x0000000058327000 Uncommon trap: reason=bimorphic action=maybe_recompile pc=0x0000000002a55180 method=java.io.FilterInputStream.read([BII)I @ 7
Event: 994.196 Thread 0x0000000058327000 Uncommon trap: reason=bimorphic action=maybe_recompile pc=0x0000000002a55180 method=java.io.FilterInputStream.read([BII)I @ 7
Event: 994.197 Thread 0x0000000058327000 Uncommon trap: reason=bimorphic action=maybe_recompile pc=0x0000000002a55180 method=java.io.FilterInputStream.read([BII)I @ 7
Event: 994.197 Thread 0x0000000058327000 Uncommon trap: reason=bimorphic action=maybe_recompile pc=0x0000000002a55180 method=java.io.FilterInputStream.read([BII)I @ 7
Event: 994.231 Thread 0x0000000058327000 Uncommon trap: reason=unstable_if action=reinterpret pc=0x00000000025c0298 method=java.lang.CharacterDataLatin1.digit(II)I @ 31
Event: 994.235 Thread 0x0000000058327000 Uncommon trap: reason=predicate action=maybe_recompile pc=0x00000000025efcd0 method=java.lang.String.regionMatches(ZILjava/lang/String;II)Z @ 63
Event: 1024.315 Thread 0x0000000058327000 Uncommon trap: reason=unstable_if action=reinterpret pc=0x0000000002def28c method=java.awt.Container.getMouseEventTargetImpl(IIZLjava/awt/Container$EventTargetFilter;ZZ)Ljava/awt/Component; @ 218

Internal exceptions (10 events):
Event: 13.415 Thread 0x0000000058327000 Exception <a 'java/security/PrivilegedActionException'> (0x00000000e2d86210) thrown at [C:\re\workspace\8-2-build-windows-amd64-cygwin\jdk8u144\9417\hotspot\src\share\vm\prims\jvm.cpp, line 1390]
Event: 13.415 Thread 0x0000000058327000 Exception <a 'java/security/PrivilegedActionException'> (0x00000000e2d867f0) thrown at [C:\re\workspace\8-2-build-windows-amd64-cygwin\jdk8u144\9417\hotspot\src\share\vm\prims\jvm.cpp, line 1390]
Event: 13.415 Thread 0x0000000058327000 Exception <a 'java/security/PrivilegedActionException'> (0x00000000e2d8b738) thrown at [C:\re\workspace\8-2-build-windows-amd64-cygwin\jdk8u144\9417\hotspot\src\share\vm\prims\jvm.cpp, line 1390]
Event: 13.415 Thread 0x0000000058327000 Exception <a 'java/security/PrivilegedActionException'> (0x00000000e2d8bf00) thrown at [C:\re\workspace\8-2-build-windows-amd64-cygwin\jdk8u144\9417\hotspot\src\share\vm\prims\jvm.cpp, line 1390]
Event: 13.416 Thread 0x0000000058327000 Exception <a 'java/security/PrivilegedActionException'> (0x00000000e2d91038) thrown at [C:\re\workspace\8-2-build-windows-amd64-cygwin\jdk8u144\9417\hotspot\src\share\vm\prims\jvm.cpp, line 1390]
Event: 13.416 Thread 0x0000000058327000 Exception <a 'java/security/PrivilegedActionException'> (0x00000000e2d91618) thrown at [C:\re\workspace\8-2-build-windows-amd64-cygwin\jdk8u144\9417\hotspot\src\share\vm\prims\jvm.cpp, line 1390]
Event: 13.416 Thread 0x0000000058327000 Exception <a 'java/security/PrivilegedActionException'> (0x00000000e2d96728) thrown at [C:\re\workspace\8-2-build-windows-amd64-cygwin\jdk8u144\9417\hotspot\src\share\vm\prims\jvm.cpp, line 1390]
Event: 13.416 Thread 0x0000000058327000 Exception <a 'java/security/PrivilegedActionException'> (0x00000000e2d96ef0) thrown at [C:\re\workspace\8-2-build-windows-amd64-cygwin\jdk8u144\9417\hotspot\src\share\vm\prims\jvm.cpp, line 1390]
Event: 15.814 Thread 0x000000005a86d800 Implicit null exception at 0x00000000027f893d to 0x00000000027f97b5
Event: 973.818 Thread 0x0000000058327000 Implicit null exception at 0x0000000002bfedbb to 0x0000000002bfef75

Events (10 events):
Event: 1406.046 Executing VM operation: RevokeBias
Event: 1406.046 Executing VM operation: RevokeBias done
Event: 1408.782 Executing VM operation: RevokeBias
Event: 1408.782 Executing VM operation: RevokeBias done
Event: 1408.782 Thread 0x000000005a360800 Thread exited: 0x000000005a360800
Event: 1409.349 Thread 0x000000005a360800 Thread added: 0x000000005a360800
Event: 1409.415 Thread 0x000000005a79c800 DEOPT PACKING pc=0x0000000002669860 sp=0x000000005b46ed60
Event: 1409.415 Thread 0x000000005a79c800 DEOPT UNPACKING pc=0x00000000023d747f sp=0x000000005b46eb10 mode 0
Event: 1409.416 Executing VM operation: RevokeBias
Event: 1409.416 Executing VM operation: RevokeBias done


Dynamic libraries:
0x000000013f8b0000 - 0x000000013f8e7000 	C:\Program Files\Java\jre1.8.0_144\bin\javaw.exe
0x0000000077910000 - 0x0000000077aba000 	C:\Windows\SYSTEM32\ntdll.dll
0x00000000776f0000 - 0x000000007780f000 	C:\Windows\system32\kernel32.dll
0x000007fefd6c0000 - 0x000007fefd72a000 	C:\Windows\system32\KERNELBASE.dll
0x000007fefdcb0000 - 0x000007fefdd8b000 	C:\Windows\system32\ADVAPI32.dll
0x000007fefde00000 - 0x000007fefde9f000 	C:\Windows\system32\msvcrt.dll
0x000007fefece0000 - 0x000007fefecff000 	C:\Windows\SYSTEM32\sechost.dll
0x000007fefe8e0000 - 0x000007fefea0d000 	C:\Windows\system32\RPCRT4.dll
0x0000000077810000 - 0x000000007790a000 	C:\Windows\system32\USER32.dll
0x000007fefdd90000 - 0x000007fefddf7000 	C:\Windows\system32\GDI32.dll
0x000007fefe690000 - 0x000007fefe69e000 	C:\Windows\system32\LPK.dll
0x000007fefe5c0000 - 0x000007fefe68b000 	C:\Windows\system32\USP10.dll
0x000007fefbc90000 - 0x000007fefbe84000 	C:\Windows\WinSxS\amd64_microsoft.windows.common-controls_6595b64144ccf1df_6.0.7601.18837_none_fa3b1e3d17594757\COMCTL32.dll
0x000007fefe720000 - 0x000007fefe791000 	C:\Windows\system32\SHLWAPI.dll
0x000007fefe7a0000 - 0x000007fefe7ce000 	C:\Windows\system32\IMM32.DLL
0x000007fefd9c0000 - 0x000007fefdac9000 	C:\Windows\system32\MSCTF.dll
0x0000000075190000 - 0x0000000075262000 	C:\Program Files\Java\jre1.8.0_144\bin\msvcr100.dll
0x000000006b6d0000 - 0x000000006bf6d000 	C:\Program Files\Java\jre1.8.0_144\bin\server\jvm.dll
0x000007fef6730000 - 0x000007fef6739000 	C:\Windows\system32\WSOCK32.dll
0x000007fefe7d0000 - 0x000007fefe81d000 	C:\Windows\system32\WS2_32.dll
0x000007fefe080000 - 0x000007fefe088000 	C:\Windows\system32\NSI.dll
0x000007fefbb10000 - 0x000007fefbb4b000 	C:\Windows\system32\WINMM.dll
0x000007fefc6e0000 - 0x000007fefc6ec000 	C:\Windows\system32\VERSION.dll
0x0000000077ad0000 - 0x0000000077ad7000 	C:\Windows\system32\PSAPI.DLL
0x00000000752a0000 - 0x00000000752af000 	C:\Program Files\Java\jre1.8.0_144\bin\verify.dll
0x0000000075160000 - 0x0000000075189000 	C:\Program Files\Java\jre1.8.0_144\bin\java.dll
0x0000000075140000 - 0x0000000075156000 	C:\Program Files\Java\jre1.8.0_144\bin\zip.dll
0x000007fefee90000 - 0x000007feffc1b000 	C:\Windows\system32\SHELL32.dll
0x000007fefe090000 - 0x000007fefe28c000 	C:\Windows\system32\ole32.dll
0x000007fefd600000 - 0x000007fefd60f000 	C:\Windows\system32\profapi.dll
0x000000006ffc0000 - 0x0000000070158000 	C:\Program Files\Java\jre1.8.0_144\bin\awt.dll
0x000007fefdb30000 - 0x000007fefdc0a000 	C:\Windows\system32\OLEAUT32.dll
0x000007fefb730000 - 0x000007fefb748000 	C:\Windows\system32\DWMAPI.DLL
0x000007fee95e0000 - 0x000007fee96fd000 	C:\Windows\system32\opengl32.dll
0x000007fef6570000 - 0x000007fef659d000 	C:\Windows\system32\GLU32.dll
0x000007feeca40000 - 0x000007feecb31000 	C:\Windows\system32\DDRAW.dll
0x000007fef65c0000 - 0x000007fef65c8000 	C:\Windows\system32\DCIMAN32.dll
0x000007fefdea0000 - 0x000007fefe077000 	C:\Windows\system32\SETUPAPI.dll
0x000007fefd620000 - 0x000007fefd656000 	C:\Windows\system32\CFGMGR32.dll
0x000007fefd690000 - 0x000007fefd6aa000 	C:\Windows\system32\DEVOBJ.dll
0x000007fefbbe0000 - 0x000007fefbc36000 	C:\Windows\system32\uxtheme.dll
0x000007fefd4a0000 - 0x000007fefd4af000 	C:\Windows\system32\CRYPTBASE.dll
0x0000000073d50000 - 0x0000000073d97000 	C:\Program Files\Java\jre1.8.0_144\bin\fontmanager.dll
0x0000000075120000 - 0x000000007513a000 	C:\Program Files\Java\jre1.8.0_144\bin\net.dll
0x000007fefcd90000 - 0x000007fefcde5000 	C:\Windows\system32\mswsock.dll
0x000007fefcd80000 - 0x000007fefcd87000 	C:\Windows\System32\wship6.dll
0x0000000075100000 - 0x0000000075111000 	C:\Program Files\Java\jre1.8.0_144\bin\nio.dll
0x0000000073d00000 - 0x0000000073d42000 	C:\Program Files\Java\jre1.8.0_144\bin\t2k.dll
0x000007fefcdf0000 - 0x000007fefce08000 	C:\Windows\system32\CRYPTSP.dll
0x000007fefcaf0000 - 0x000007fefcb37000 	C:\Windows\system32\rsaenh.dll
0x000007fefd8b0000 - 0x000007fefd8ce000 	C:\Windows\system32\USERENV.dll
0x000007fefb370000 - 0x000007fefb397000 	C:\Windows\system32\IPHLPAPI.DLL
0x000007fefb360000 - 0x000007fefb36b000 	C:\Windows\system32\WINNSI.DLL
0x000007fefa930000 - 0x000007fefa948000 	C:\Windows\system32\dhcpcsvc.DLL
0x000007fefa910000 - 0x000007fefa921000 	C:\Windows\system32\dhcpcsvc6.DLL
0x0000000073c80000 - 0x0000000073cb1000 	C:\Program Files\Java\jre1.8.0_144\bin\jpeg.dll
0x0000000073cc0000 - 0x0000000073cfc000 	C:\Program Files\Java\jre1.8.0_144\bin\lcms.dll
0x000007fef7e80000 - 0x000007fef7f20000 	C:\Windows\WinSxS\amd64_microsoft.windows.common-controls_6595b64144ccf1df_5.82.7601.18837_none_a4d981ff711297b6\comctl32.dll
0x000007fefe840000 - 0x000007fefe8d9000 	C:\Windows\system32\CLBCatQ.DLL
0x000007fefbe90000 - 0x000007fefbfbc000 	C:\Windows\system32\propsys.dll
0x000007fefb6c0000 - 0x000007fefb6ed000 	C:\Windows\system32\ntmarta.dll
0x000007fefdad0000 - 0x000007fefdb22000 	C:\Windows\system32\WLDAP32.dll
0x000007fefd440000 - 0x000007fefd497000 	C:\Windows\system32\apphelp.dll
0x000007fee76b0000 - 0x000007fee784c000 	C:\Windows\system32\NetworkExplorer.dll
0x000007fef9840000 - 0x000007fef9874000 	C:\Windows\System32\shdocvw.dll
0x000007fefabf0000 - 0x000007fefabfb000 	C:\Windows\system32\slc.dll
0x000007fefa350000 - 0x000007fefa368000 	C:\Windows\system32\MPR.dll
0x000007fefc160000 - 0x000007fefc16a000 	C:\Windows\System32\drprov.dll
0x000007fefd030000 - 0x000007fefd06d000 	C:\Windows\System32\WINSTA.dll
0x000007fef7840000 - 0x000007fef7862000 	C:\Windows\System32\ntlanman.dll
0x000007fef7ce0000 - 0x000007fef7cfe000 	C:\Windows\System32\davclnt.dll
0x000007fefb410000 - 0x000007fefb41a000 	C:\Windows\System32\DAVHLPR.dll
0x000007fefaec0000 - 0x000007fefaed5000 	C:\Windows\system32\wkscli.dll
0x000007fef9a90000 - 0x000007fef9a9f000 	C:\Windows\system32\cscapi.dll
0x000007fefaee0000 - 0x000007fefaeec000 	C:\Windows\system32\netutils.dll
0x000007fee7430000 - 0x000007fee76a1000 	C:\Windows\system32\wpdshext.dll
0x000007fefb8f0000 - 0x000007fefbb07000 	C:\Windows\WinSxS\amd64_microsoft.windows.gdiplus_6595b64144ccf1df_1.1.7601.23807_none_14556b8e8b95d1fc\gdiplus.dll
0x000007fef6150000 - 0x000007fef620d000 	C:\Windows\system32\PortableDeviceApi.dll
0x000007fefd980000 - 0x000007fefd9bb000 	C:\Windows\system32\WINTRUST.dll
0x000007fefd740000 - 0x000007fefd8ad000 	C:\Windows\system32\CRYPT32.dll
0x000007fefd610000 - 0x000007fefd61f000 	C:\Windows\system32\MSASN1.dll
0x000007fef9b30000 - 0x000007fef9b65000 	C:\Windows\system32\EhStorShell.dll
0x000007feecc60000 - 0x000007feecc87000 	C:\Windows\system32\EhStorAPI.dll
0x000007fef9830000 - 0x000007fef983c000 	C:\Windows\system32\LINKINFO.dll
0x000007fefb550000 - 0x000007fefb6b1000 	C:\Windows\system32\WindowsCodecs.dll
0x000007fef9ab0000 - 0x000007fef9b2e000 	C:\Windows\System32\cscui.dll
0x000007fef9aa0000 - 0x000007fef9aac000 	C:\Windows\System32\CSCDLL.dll
0x000007fef9a10000 - 0x000007fef9a90000 	C:\Windows\system32\ntshrui.dll
0x000007fefd000000 - 0x000007fefd023000 	C:\Windows\system32\srvcli.dll
0x0000000075280000 - 0x000000007528c000 	C:\Program Files\Java\jre1.8.0_144\bin\jsound.dll
0x0000000075290000 - 0x000000007529b000 	C:\Program Files\Java\jre1.8.0_144\bin\jsoundds.dll
0x000007fefbb50000 - 0x000007fefbbd8000 	C:\Windows\system32\DSOUND.dll
0x000007fefc130000 - 0x000007fefc15c000 	C:\Windows\system32\POWRPROF.dll
0x000007fefc0e0000 - 0x000007fefc12b000 	C:\Windows\system32\MMDevAPI.DLL
0x000007fefafd0000 - 0x000007fefb00b000 	C:\Windows\system32\wdmaud.drv
0x00000000752b0000 - 0x00000000752b6000 	C:\Windows\system32\ksuser.dll
0x000007fefc0d0000 - 0x000007fefc0d9000 	C:\Windows\system32\AVRT.dll
0x000007fefb500000 - 0x000007fefb54f000 	C:\Windows\system32\AUDIOSES.DLL
0x000007fefb310000 - 0x000007fefb31a000 	C:\Windows\system32\msacm32.drv
0x000007fefafb0000 - 0x000007fefafc8000 	C:\Windows\system32\MSACM32.dll
0x000007fefafa0000 - 0x000007fefafa9000 	C:\Windows\system32\midimap.dll

VM Arguments:
jvm_args: -Dfile.encoding=Cp1252 
java_command: com.app.integrated.main.TestAllAbacusComponent
java_class_path (initial): C:\Users\dell\git\IntegratedToolRepo2\bin;C:\Users\dell\git\IntegratedToolRepo2\lib\freetts.jar;C:\Users\dell\git\IntegratedToolRepo2\lib\en_us.jar;C:\Users\dell\git\IntegratedToolRepo2\lib\cmutimelex.jar;C:\Users\dell\git\IntegratedToolRepo2\lib\cmu_time_awb.jar;C:\Users\dell\git\IntegratedToolRepo2\lib\cmulex.jar;C:\Users\dell\git\IntegratedToolRepo2\lib\cmu_us_kal.jar;C:\Users\dell\git\IntegratedToolRepo2\lib\cmudict04.jar;C:\Users\dell\git\IntegratedToolRepo2\lib\commons-codec-1.10.jar;C:\Users\dell\git\IntegratedToolRepo2\lib\commons-io-2.5.jar;C:\Users\dell\git\IntegratedToolRepo2\lib\commons-logging-1.2.jar;C:\Users\dell\git\IntegratedToolRepo2\lib\curvesapi-1.03.jar;C:\Users\dell\git\IntegratedToolRepo2\lib\freetts-jsapi10.jar;C:\Users\dell\git\IntegratedToolRepo2\lib\httpclient-4.5.2.jar;C:\Users\dell\git\IntegratedToolRepo2\lib\httpclient-cache-4.5.2.jar;C:\Users\dell\git\IntegratedToolRepo2\lib\httpclient-win-4.5.2.jar;C:\Users\dell\git\IntegratedToolRepo2\lib\httpcore-4.4.4.jar;C:\Users\dell\git\IntegratedToolRepo2\lib\httpmime-4.5.2.jar;C:\Users\dell\git\IntegratedToolRepo2\lib\poi-3.14-20160307.jar;C:\Users\dell\git\IntegratedToolRepo2\lib\poi-excelant-3.14-20160307.jar;C:\Users\dell\git\IntegratedToolRepo2\lib\poi-ooxml-3.14-20160307.jar;C:\Users\dell\git\IntegratedToolRepo2\lib\poi-ooxml-schemas-3.14-20160307.jar;C:\Users\dell\git\IntegratedToolRepo2\lib\poi-scratchpad-3.14-20160307.jar;C:\Users\dell\git\IntegratedToolRepo2\lib\xmlbeans-2.6.0.jar
Launcher Type: SUN_STANDARD

Environment Variables:
PATH=C:/Program Files/Java/jre1.8.0_144/bin/server;C:/Program Files/Java/jre1.8.0_144/bin;C:/Program Files/Java/jre1.8.0_144/lib/amd64;C:\ProgramData\Oracle\Java\javapath;C:\Windows\system32;C:\Windows;C:\Windows\System32\Wbem;C:\Windows\System32\WindowsPowerShell\v1.0\;C:\Program Files\Git\cmd;C:\Program Files (x86)\Common Files\lenovo\easyplussdk\bin;C:\Program Files (x86)\Skype\Phone\;C:\Program Files\Java\jdk1.8.0_144\bin;D:\Official\Software\eclipse-jee-oxygen-R-win32-x86_64\eclipse;
USERNAME=dell
OS=Windows_NT
PROCESSOR_IDENTIFIER=Intel64 Family 6 Model 37 Stepping 5, GenuineIntel



---------------  S Y S T E M  ---------------

OS: Windows 7 , 64 bit Build 7601 (6.1.7601.23864)

CPU:total 4 (initial active 4) (2 cores per cpu, 2 threads per core) family 6 model 37 stepping 5, cmov, cx8, fxsr, mmx, sse, sse2, sse3, ssse3, sse4.1, sse4.2, popcnt, aes, clmul, ht, tsc, tscinvbit

Memory: 4k page, physical 6084456k(631068k free), swap 24335964k(5040k free)

vm_info: Java HotSpot(TM) 64-Bit Server VM (25.144-b01) for windows-amd64 JRE (1.8.0_144-b01), built on Jul 21 2017 21:57:33 by "java_re" with MS VC++ 10.0 (VS2010)

time: Tue Sep 12 06:40:35 2017
elapsed time: 1409 seconds (0d 0h 23m 29s)

